2022/10/27 02:54:24 [error] [exception.CHttpException.404] exception 'CHttpException' with message 'Unable to resolve the request "gii".' in C:\xampp\htdocs\yiiSource\framework\web\CWebApplication.php:286
Stack trace:
#0 C:\xampp\htdocs\yiiSource\framework\web\CWebApplication.php(141): CWebApplication->runController('gii')
#1 C:\xampp\htdocs\yiiSource\framework\base\CApplication.php(185): CWebApplication->processRequest()
#2 C:\xampp\htdocs\yii\index.php(13): CApplication->run()
#3 {main}
REQUEST_URI=/yii/index.php?r=gii
---
2022/10/27 03:05:56 [error] [exception.CHttpException.404] exception 'CHttpException' with message 'Unable to resolve the request "gii".' in C:\xampp\htdocs\yiiSource\framework\web\CWebApplication.php:286
Stack trace:
#0 C:\xampp\htdocs\yiiSource\framework\web\CWebApplication.php(141): CWebApplication->runController('gii')
#1 C:\xampp\htdocs\yiiSource\framework\base\CApplication.php(185): CWebApplication->processRequest()
#2 C:\xampp\htdocs\yii\index.php(13): CApplication->run()
#3 {main}
REQUEST_URI=/yii/index.php?r=gii
---
2022/10/27 03:09:27 [error] [exception.CHttpException.404] exception 'CHttpException' with message 'Unable to resolve the request "gii".' in C:\xampp\htdocs\yiiSource\framework\web\CWebApplication.php:286
Stack trace:
#0 C:\xampp\htdocs\yiiSource\framework\web\CWebApplication.php(141): CWebApplication->runController('gii')
#1 C:\xampp\htdocs\yiiSource\framework\base\CApplication.php(185): CWebApplication->processRequest()
#2 C:\xampp\htdocs\yii\index.php(13): CApplication->run()
#3 {main}
REQUEST_URI=/yii/index.php?r=gii
---
2022/10/27 03:11:19 [error] [exception.CHttpException.404] exception 'CHttpException' with message 'Unable to resolve the request "gii".' in C:\xampp\htdocs\yiiSource\framework\web\CWebApplication.php:286
Stack trace:
#0 C:\xampp\htdocs\yiiSource\framework\web\CWebApplication.php(141): CWebApplication->runController('gii')
#1 C:\xampp\htdocs\yiiSource\framework\base\CApplication.php(185): CWebApplication->processRequest()
#2 C:\xampp\htdocs\yii\index.php(13): CApplication->run()
#3 {main}
REQUEST_URI=/yii/index.php?r=gii
---
2022/10/27 03:26:39 [error] [exception.CHttpException.404] exception 'CHttpException' with message 'Unable to resolve the request "tb_user".' in C:\xampp\htdocs\yiiSource\framework\web\CWebApplication.php:286
Stack trace:
#0 C:\xampp\htdocs\yiiSource\framework\web\CWebApplication.php(141): CWebApplication->runController('tb_user')
#1 C:\xampp\htdocs\yiiSource\framework\base\CApplication.php(185): CWebApplication->processRequest()
#2 C:\xampp\htdocs\yii\index.php(13): CApplication->run()
#3 {main}
REQUEST_URI=/yii/index.php?r=tb_user
---
2022/10/27 09:11:14 [error] [system.db.CDbCommand] CDbCommand::fetchAll() failed: SQLSTATE[42S02]: Base table or view not found: 1146 Table 'klinik.pegwai' doesn't exist. The SQL statement executed was: SHOW FULL COLUMNS FROM `pegwai`.
in C:\xampp\htdocs\yii\index.php (13)
2022/10/27 09:14:58 [error] [system.db.CDbCommand] CDbCommand::fetchAll() failed: SQLSTATE[42S02]: Base table or view not found: 1146 Table 'klinik.pendafataran' doesn't exist. The SQL statement executed was: SHOW FULL COLUMNS FROM `pendafataran`.
in C:\xampp\htdocs\yii\index.php (13)
2022/10/28 04:01:56 [error] [php] include(ActiveForm.php): failed to open stream: No such file or directory (C:\xampp\htdocs\yiiSource\framework\YiiBase.php:463)
Stack trace:
#0 C:\xampp\htdocs\yiiSource\framework\YiiBase.php(463): autoload()
#1 unknown(0): autoload()
#2 C:\xampp\htdocs\yii\protected\views\site\pendaftaran.php(2): spl_autoload_call()
#3 C:\xampp\htdocs\yiiSource\framework\web\CBaseController.php(126): require()
#4 C:\xampp\htdocs\yiiSource\framework\web\CBaseController.php(95): SiteController->renderInternal()
#5 C:\xampp\htdocs\yiiSource\framework\web\CController.php(872): SiteController->renderFile()
#6 C:\xampp\htdocs\yiiSource\framework\web\CController.php(785): SiteController->renderPartial()
#7 C:\xampp\htdocs\yii\protected\controllers\SiteController.php(39): SiteController->render()
#8 C:\xampp\htdocs\yiiSource\framework\web\actions\CInlineAction.php(49): SiteController->actionPendaftaran()
#9 C:\xampp\htdocs\yiiSource\framework\web\CController.php(308): CInlineAction->runWithParams()
#10 C:\xampp\htdocs\yiiSource\framework\web\CController.php(286): SiteController->runAction()
#11 C:\xampp\htdocs\yiiSource\framework\web\CController.php(265): SiteController->runActionWithFilters()
#12 C:\xampp\htdocs\yiiSource\framework\web\CWebApplication.php(282): SiteController->run()
#13 C:\xampp\htdocs\yiiSource\framework\web\CWebApplication.php(141): CWebApplication->runController()
#14 C:\xampp\htdocs\yiiSource\framework\base\CApplication.php(185): CWebApplication->processRequest()
#15 C:\xampp\htdocs\yii\index.php(13): CWebApplication->run()
REQUEST_URI=/yii/index.php?r=site/pendaftaran
in C:\xampp\htdocs\yii\protected\views\site\pendaftaran.php (2)
in C:\xampp\htdocs\yii\protected\controllers\SiteController.php (39)
in C:\xampp\htdocs\yii\index.php (13)
2022/10/28 04:32:52 [error] [exception.CHttpException.404] exception 'CHttpException' with message 'The system is unable to find the requested action "index".' in C:\xampp\htdocs\yiiSource\framework\web\CController.php:486
Stack trace:
#0 C:\xampp\htdocs\yiiSource\framework\web\CController.php(270): CController->missingAction('')
#1 C:\xampp\htdocs\yiiSource\framework\web\CWebApplication.php(282): CController->run('')
#2 C:\xampp\htdocs\yiiSource\framework\web\CWebApplication.php(141): CWebApplication->runController('daftar')
#3 C:\xampp\htdocs\yiiSource\framework\base\CApplication.php(185): CWebApplication->processRequest()
#4 C:\xampp\htdocs\yii\index.php(13): CApplication->run()
#5 {main}
REQUEST_URI=/yii/index.php?r=daftar
---
2022/10/28 04:40:29 [error] [php] Undefined variable: model (C:\xampp\htdocs\yii\protected\views\site\pendaftaran.php:4)
Stack trace:
#0 C:\xampp\htdocs\yiiSource\framework\web\CBaseController.php(126): require()
#1 C:\xampp\htdocs\yiiSource\framework\web\CBaseController.php(95): SiteController->renderInternal()
#2 C:\xampp\htdocs\yiiSource\framework\web\CController.php(872): SiteController->renderFile()
#3 C:\xampp\htdocs\yiiSource\framework\web\CController.php(785): SiteController->renderPartial()
#4 C:\xampp\htdocs\yii\protected\controllers\SiteController.php(39): SiteController->render()
#5 C:\xampp\htdocs\yiiSource\framework\web\actions\CInlineAction.php(49): SiteController->actionPendaftaran()
#6 C:\xampp\htdocs\yiiSource\framework\web\CController.php(308): CInlineAction->runWithParams()
#7 C:\xampp\htdocs\yiiSource\framework\web\CController.php(286): SiteController->runAction()
#8 C:\xampp\htdocs\yiiSource\framework\web\CController.php(265): SiteController->runActionWithFilters()
#9 C:\xampp\htdocs\yiiSource\framework\web\CWebApplication.php(282): SiteController->run()
#10 C:\xampp\htdocs\yiiSource\framework\web\CWebApplication.php(141): CWebApplication->runController()
#11 C:\xampp\htdocs\yiiSource\framework\base\CApplication.php(185): CWebApplication->processRequest()
#12 C:\xampp\htdocs\yii\index.php(13): CWebApplication->run()
REQUEST_URI=/yii/index.php?r=site/pendaftaran
in C:\xampp\htdocs\yii\protected\views\site\pendaftaran.php (4)
in C:\xampp\htdocs\yii\protected\controllers\SiteController.php (39)
in C:\xampp\htdocs\yii\index.php (13)
2022/10/28 04:40:38 [error] [php] Undefined variable: model (C:\xampp\htdocs\yii\protected\views\site\pendaftaran.php:4)
Stack trace:
#0 C:\xampp\htdocs\yiiSource\framework\web\CBaseController.php(126): require()
#1 C:\xampp\htdocs\yiiSource\framework\web\CBaseController.php(95): SiteController->renderInternal()
#2 C:\xampp\htdocs\yiiSource\framework\web\CController.php(872): SiteController->renderFile()
#3 C:\xampp\htdocs\yiiSource\framework\web\CController.php(785): SiteController->renderPartial()
#4 C:\xampp\htdocs\yii\protected\controllers\SiteController.php(39): SiteController->render()
#5 C:\xampp\htdocs\yiiSource\framework\web\actions\CInlineAction.php(49): SiteController->actionPendaftaran()
#6 C:\xampp\htdocs\yiiSource\framework\web\CController.php(308): CInlineAction->runWithParams()
#7 C:\xampp\htdocs\yiiSource\framework\web\CController.php(286): SiteController->runAction()
#8 C:\xampp\htdocs\yiiSource\framework\web\CController.php(265): SiteController->runActionWithFilters()
#9 C:\xampp\htdocs\yiiSource\framework\web\CWebApplication.php(282): SiteController->run()
#10 C:\xampp\htdocs\yiiSource\framework\web\CWebApplication.php(141): CWebApplication->runController()
#11 C:\xampp\htdocs\yiiSource\framework\base\CApplication.php(185): CWebApplication->processRequest()
#12 C:\xampp\htdocs\yii\index.php(13): CWebApplication->run()
REQUEST_URI=/yii/index.php?r=site/pendaftaran
in C:\xampp\htdocs\yii\protected\views\site\pendaftaran.php (4)
in C:\xampp\htdocs\yii\protected\controllers\SiteController.php (39)
in C:\xampp\htdocs\yii\index.php (13)
2022/10/28 04:44:42 [error] [php] Undefined variable: error (C:\xampp\htdocs\yii\protected\views\site\pendaftaran.php:4)
Stack trace:
#0 C:\xampp\htdocs\yiiSource\framework\web\CBaseController.php(126): require()
#1 C:\xampp\htdocs\yiiSource\framework\web\CBaseController.php(95): SiteController->renderInternal()
#2 C:\xampp\htdocs\yiiSource\framework\web\CController.php(872): SiteController->renderFile()
#3 C:\xampp\htdocs\yiiSource\framework\web\CController.php(785): SiteController->renderPartial()
#4 C:\xampp\htdocs\yii\protected\controllers\SiteController.php(39): SiteController->render()
#5 C:\xampp\htdocs\yiiSource\framework\web\actions\CInlineAction.php(49): SiteController->actionPendaftaran()
#6 C:\xampp\htdocs\yiiSource\framework\web\CController.php(308): CInlineAction->runWithParams()
#7 C:\xampp\htdocs\yiiSource\framework\web\CController.php(286): SiteController->runAction()
#8 C:\xampp\htdocs\yiiSource\framework\web\CController.php(265): SiteController->runActionWithFilters()
#9 C:\xampp\htdocs\yiiSource\framework\web\CWebApplication.php(282): SiteController->run()
#10 C:\xampp\htdocs\yiiSource\framework\web\CWebApplication.php(141): CWebApplication->runController()
#11 C:\xampp\htdocs\yiiSource\framework\base\CApplication.php(185): CWebApplication->processRequest()
#12 C:\xampp\htdocs\yii\index.php(13): CWebApplication->run()
REQUEST_URI=/yii/index.php?r=site/pendaftaran
in C:\xampp\htdocs\yii\protected\views\site\pendaftaran.php (4)
in C:\xampp\htdocs\yii\protected\controllers\SiteController.php (39)
in C:\xampp\htdocs\yii\index.php (13)
2022/10/28 04:45:13 [error] [php] Undefined variable: model (C:\xampp\htdocs\yii\protected\views\site\pendaftaran.php:4)
Stack trace:
#0 C:\xampp\htdocs\yiiSource\framework\web\CBaseController.php(126): require()
#1 C:\xampp\htdocs\yiiSource\framework\web\CBaseController.php(95): SiteController->renderInternal()
#2 C:\xampp\htdocs\yiiSource\framework\web\CController.php(872): SiteController->renderFile()
#3 C:\xampp\htdocs\yiiSource\framework\web\CController.php(785): SiteController->renderPartial()
#4 C:\xampp\htdocs\yii\protected\controllers\SiteController.php(39): SiteController->render()
#5 C:\xampp\htdocs\yiiSource\framework\web\actions\CInlineAction.php(49): SiteController->actionPendaftaran()
#6 C:\xampp\htdocs\yiiSource\framework\web\CController.php(308): CInlineAction->runWithParams()
#7 C:\xampp\htdocs\yiiSource\framework\web\CController.php(286): SiteController->runAction()
#8 C:\xampp\htdocs\yiiSource\framework\web\CController.php(265): SiteController->runActionWithFilters()
#9 C:\xampp\htdocs\yiiSource\framework\web\CWebApplication.php(282): SiteController->run()
#10 C:\xampp\htdocs\yiiSource\framework\web\CWebApplication.php(141): CWebApplication->runController()
#11 C:\xampp\htdocs\yiiSource\framework\base\CApplication.php(185): CWebApplication->processRequest()
#12 C:\xampp\htdocs\yii\index.php(13): CWebApplication->run()
REQUEST_URI=/yii/index.php?r=site/pendaftaran
in C:\xampp\htdocs\yii\protected\views\site\pendaftaran.php (4)
in C:\xampp\htdocs\yii\protected\controllers\SiteController.php (39)
in C:\xampp\htdocs\yii\index.php (13)
2022/10/28 04:45:36 [error] [php] Undefined variable: model (C:\xampp\htdocs\yii\protected\views\site\pendaftaran.php:7)
Stack trace:
#0 C:\xampp\htdocs\yiiSource\framework\web\CBaseController.php(126): require()
#1 C:\xampp\htdocs\yiiSource\framework\web\CBaseController.php(95): SiteController->renderInternal()
#2 C:\xampp\htdocs\yiiSource\framework\web\CController.php(872): SiteController->renderFile()
#3 C:\xampp\htdocs\yiiSource\framework\web\CController.php(785): SiteController->renderPartial()
#4 C:\xampp\htdocs\yii\protected\controllers\SiteController.php(39): SiteController->render()
#5 C:\xampp\htdocs\yiiSource\framework\web\actions\CInlineAction.php(49): SiteController->actionPendaftaran()
#6 C:\xampp\htdocs\yiiSource\framework\web\CController.php(308): CInlineAction->runWithParams()
#7 C:\xampp\htdocs\yiiSource\framework\web\CController.php(286): SiteController->runAction()
#8 C:\xampp\htdocs\yiiSource\framework\web\CController.php(265): SiteController->runActionWithFilters()
#9 C:\xampp\htdocs\yiiSource\framework\web\CWebApplication.php(282): SiteController->run()
#10 C:\xampp\htdocs\yiiSource\framework\web\CWebApplication.php(141): CWebApplication->runController()
#11 C:\xampp\htdocs\yiiSource\framework\base\CApplication.php(185): CWebApplication->processRequest()
#12 C:\xampp\htdocs\yii\index.php(13): CWebApplication->run()
REQUEST_URI=/yii/index.php?r=site/pendaftaran
in C:\xampp\htdocs\yii\protected\views\site\pendaftaran.php (7)
in C:\xampp\htdocs\yii\protected\controllers\SiteController.php (39)
in C:\xampp\htdocs\yii\index.php (13)
2022/10/28 04:46:45 [error] [php] Undefined variable: username (C:\xampp\htdocs\yii\protected\views\site\pendaftaran.php:4)
Stack trace:
#0 C:\xampp\htdocs\yiiSource\framework\web\CBaseController.php(126): require()
#1 C:\xampp\htdocs\yiiSource\framework\web\CBaseController.php(95): SiteController->renderInternal()
#2 C:\xampp\htdocs\yiiSource\framework\web\CController.php(872): SiteController->renderFile()
#3 C:\xampp\htdocs\yiiSource\framework\web\CController.php(785): SiteController->renderPartial()
#4 C:\xampp\htdocs\yii\protected\controllers\SiteController.php(39): SiteController->render()
#5 C:\xampp\htdocs\yiiSource\framework\web\actions\CInlineAction.php(49): SiteController->actionPendaftaran()
#6 C:\xampp\htdocs\yiiSource\framework\web\CController.php(308): CInlineAction->runWithParams()
#7 C:\xampp\htdocs\yiiSource\framework\web\CController.php(286): SiteController->runAction()
#8 C:\xampp\htdocs\yiiSource\framework\web\CController.php(265): SiteController->runActionWithFilters()
#9 C:\xampp\htdocs\yiiSource\framework\web\CWebApplication.php(282): SiteController->run()
#10 C:\xampp\htdocs\yiiSource\framework\web\CWebApplication.php(141): CWebApplication->runController()
#11 C:\xampp\htdocs\yiiSource\framework\base\CApplication.php(185): CWebApplication->processRequest()
#12 C:\xampp\htdocs\yii\index.php(13): CWebApplication->run()
REQUEST_URI=/yii/index.php?r=site/pendaftaran
in C:\xampp\htdocs\yii\protected\views\site\pendaftaran.php (4)
in C:\xampp\htdocs\yii\protected\controllers\SiteController.php (39)
in C:\xampp\htdocs\yii\index.php (13)
2022/10/28 04:48:02 [error] [php] Undefined variable: username (C:\xampp\htdocs\yii\protected\views\site\pendaftaran.php:4)
Stack trace:
#0 C:\xampp\htdocs\yiiSource\framework\web\CBaseController.php(126): require()
#1 C:\xampp\htdocs\yiiSource\framework\web\CBaseController.php(95): SiteController->renderInternal()
#2 C:\xampp\htdocs\yiiSource\framework\web\CController.php(872): SiteController->renderFile()
#3 C:\xampp\htdocs\yiiSource\framework\web\CController.php(785): SiteController->renderPartial()
#4 C:\xampp\htdocs\yii\protected\controllers\SiteController.php(39): SiteController->render()
#5 C:\xampp\htdocs\yiiSource\framework\web\actions\CInlineAction.php(49): SiteController->actionPendaftaran()
#6 C:\xampp\htdocs\yiiSource\framework\web\CController.php(308): CInlineAction->runWithParams()
#7 C:\xampp\htdocs\yiiSource\framework\web\CController.php(286): SiteController->runAction()
#8 C:\xampp\htdocs\yiiSource\framework\web\CController.php(265): SiteController->runActionWithFilters()
#9 C:\xampp\htdocs\yiiSource\framework\web\CWebApplication.php(282): SiteController->run()
#10 C:\xampp\htdocs\yiiSource\framework\web\CWebApplication.php(141): CWebApplication->runController()
#11 C:\xampp\htdocs\yiiSource\framework\base\CApplication.php(185): CWebApplication->processRequest()
#12 C:\xampp\htdocs\yii\index.php(13): CWebApplication->run()
REQUEST_URI=/yii/index.php?r=site/pendaftaran
in C:\xampp\htdocs\yii\protected\views\site\pendaftaran.php (4)
in C:\xampp\htdocs\yii\protected\controllers\SiteController.php (39)
in C:\xampp\htdocs\yii\index.php (13)
2022/10/28 04:48:35 [error] [php] Undefined variable: id (C:\xampp\htdocs\yii\protected\views\site\pendaftaran.php:4)
Stack trace:
#0 C:\xampp\htdocs\yiiSource\framework\web\CBaseController.php(126): require()
#1 C:\xampp\htdocs\yiiSource\framework\web\CBaseController.php(95): SiteController->renderInternal()
#2 C:\xampp\htdocs\yiiSource\framework\web\CController.php(872): SiteController->renderFile()
#3 C:\xampp\htdocs\yiiSource\framework\web\CController.php(785): SiteController->renderPartial()
#4 C:\xampp\htdocs\yii\protected\controllers\SiteController.php(39): SiteController->render()
#5 C:\xampp\htdocs\yiiSource\framework\web\actions\CInlineAction.php(49): SiteController->actionPendaftaran()
#6 C:\xampp\htdocs\yiiSource\framework\web\CController.php(308): CInlineAction->runWithParams()
#7 C:\xampp\htdocs\yiiSource\framework\web\CController.php(286): SiteController->runAction()
#8 C:\xampp\htdocs\yiiSource\framework\web\CController.php(265): SiteController->runActionWithFilters()
#9 C:\xampp\htdocs\yiiSource\framework\web\CWebApplication.php(282): SiteController->run()
#10 C:\xampp\htdocs\yiiSource\framework\web\CWebApplication.php(141): CWebApplication->runController()
#11 C:\xampp\htdocs\yiiSource\framework\base\CApplication.php(185): CWebApplication->processRequest()
#12 C:\xampp\htdocs\yii\index.php(13): CWebApplication->run()
REQUEST_URI=/yii/index.php?r=site/pendaftaran
in C:\xampp\htdocs\yii\protected\views\site\pendaftaran.php (4)
in C:\xampp\htdocs\yii\protected\controllers\SiteController.php (39)
in C:\xampp\htdocs\yii\index.php (13)
2022/10/28 04:50:50 [error] [php] Undefined variable: model (C:\xampp\htdocs\yii\protected\views\site\pendaftaran.php:4)
Stack trace:
#0 C:\xampp\htdocs\yiiSource\framework\web\CBaseController.php(126): require()
#1 C:\xampp\htdocs\yiiSource\framework\web\CBaseController.php(95): SiteController->renderInternal()
#2 C:\xampp\htdocs\yiiSource\framework\web\CController.php(872): SiteController->renderFile()
#3 C:\xampp\htdocs\yiiSource\framework\web\CController.php(785): SiteController->renderPartial()
#4 C:\xampp\htdocs\yii\protected\controllers\SiteController.php(39): SiteController->render()
#5 C:\xampp\htdocs\yiiSource\framework\web\actions\CInlineAction.php(49): SiteController->actionPendaftaran()
#6 C:\xampp\htdocs\yiiSource\framework\web\CController.php(308): CInlineAction->runWithParams()
#7 C:\xampp\htdocs\yiiSource\framework\web\CController.php(286): SiteController->runAction()
#8 C:\xampp\htdocs\yiiSource\framework\web\CController.php(265): SiteController->runActionWithFilters()
#9 C:\xampp\htdocs\yiiSource\framework\web\CWebApplication.php(282): SiteController->run()
#10 C:\xampp\htdocs\yiiSource\framework\web\CWebApplication.php(141): CWebApplication->runController()
#11 C:\xampp\htdocs\yiiSource\framework\base\CApplication.php(185): CWebApplication->processRequest()
#12 C:\xampp\htdocs\yii\index.php(13): CWebApplication->run()
REQUEST_URI=/yii/index.php?r=site/pendaftaran
in C:\xampp\htdocs\yii\protected\views\site\pendaftaran.php (4)
in C:\xampp\htdocs\yii\protected\controllers\SiteController.php (39)
in C:\xampp\htdocs\yii\index.php (13)
2022/10/28 07:48:08 [error] [php] Undefined variable: model (C:\xampp\htdocs\yii\protected\views\site\pendaftaran.php:4)
Stack trace:
#0 C:\xampp\htdocs\yiiSource\framework\web\CBaseController.php(126): require()
#1 C:\xampp\htdocs\yiiSource\framework\web\CBaseController.php(95): SiteController->renderInternal()
#2 C:\xampp\htdocs\yiiSource\framework\web\CController.php(872): SiteController->renderFile()
#3 C:\xampp\htdocs\yiiSource\framework\web\CController.php(785): SiteController->renderPartial()
#4 C:\xampp\htdocs\yii\protected\controllers\SiteController.php(39): SiteController->render()
#5 C:\xampp\htdocs\yiiSource\framework\web\actions\CInlineAction.php(49): SiteController->actionPendaftaran()
#6 C:\xampp\htdocs\yiiSource\framework\web\CController.php(308): CInlineAction->runWithParams()
#7 C:\xampp\htdocs\yiiSource\framework\web\CController.php(286): SiteController->runAction()
#8 C:\xampp\htdocs\yiiSource\framework\web\CController.php(265): SiteController->runActionWithFilters()
#9 C:\xampp\htdocs\yiiSource\framework\web\CWebApplication.php(282): SiteController->run()
#10 C:\xampp\htdocs\yiiSource\framework\web\CWebApplication.php(141): CWebApplication->runController()
#11 C:\xampp\htdocs\yiiSource\framework\base\CApplication.php(185): CWebApplication->processRequest()
#12 C:\xampp\htdocs\yii\index.php(13): CWebApplication->run()
REQUEST_URI=/yii/index.php?r=site/pendaftaran
in C:\xampp\htdocs\yii\protected\views\site\pendaftaran.php (4)
in C:\xampp\htdocs\yii\protected\controllers\SiteController.php (39)
in C:\xampp\htdocs\yii\index.php (13)
2022/10/28 07:48:55 [error] [php] Undefined variable: model (C:\xampp\htdocs\yii\protected\views\site\pendaftaran.php:38)
Stack trace:
#0 C:\xampp\htdocs\yiiSource\framework\web\CBaseController.php(126): require()
#1 C:\xampp\htdocs\yiiSource\framework\web\CBaseController.php(95): SiteController->renderInternal()
#2 C:\xampp\htdocs\yiiSource\framework\web\CController.php(872): SiteController->renderFile()
#3 C:\xampp\htdocs\yiiSource\framework\web\CController.php(785): SiteController->renderPartial()
#4 C:\xampp\htdocs\yii\protected\controllers\SiteController.php(39): SiteController->render()
#5 C:\xampp\htdocs\yiiSource\framework\web\actions\CInlineAction.php(49): SiteController->actionPendaftaran()
#6 C:\xampp\htdocs\yiiSource\framework\web\CController.php(308): CInlineAction->runWithParams()
#7 C:\xampp\htdocs\yiiSource\framework\web\CController.php(286): SiteController->runAction()
#8 C:\xampp\htdocs\yiiSource\framework\web\CController.php(265): SiteController->runActionWithFilters()
#9 C:\xampp\htdocs\yiiSource\framework\web\CWebApplication.php(282): SiteController->run()
#10 C:\xampp\htdocs\yiiSource\framework\web\CWebApplication.php(141): CWebApplication->runController()
#11 C:\xampp\htdocs\yiiSource\framework\base\CApplication.php(185): CWebApplication->processRequest()
#12 C:\xampp\htdocs\yii\index.php(13): CWebApplication->run()
REQUEST_URI=/yii/index.php?r=site/pendaftaran
in C:\xampp\htdocs\yii\protected\views\site\pendaftaran.php (38)
in C:\xampp\htdocs\yii\protected\controllers\SiteController.php (39)
in C:\xampp\htdocs\yii\index.php (13)
2022/10/28 07:48:56 [error] [php] Undefined variable: model (C:\xampp\htdocs\yii\protected\views\site\pendaftaran.php:38)
Stack trace:
#0 C:\xampp\htdocs\yiiSource\framework\web\CBaseController.php(126): require()
#1 C:\xampp\htdocs\yiiSource\framework\web\CBaseController.php(95): SiteController->renderInternal()
#2 C:\xampp\htdocs\yiiSource\framework\web\CController.php(872): SiteController->renderFile()
#3 C:\xampp\htdocs\yiiSource\framework\web\CController.php(785): SiteController->renderPartial()
#4 C:\xampp\htdocs\yii\protected\controllers\SiteController.php(39): SiteController->render()
#5 C:\xampp\htdocs\yiiSource\framework\web\actions\CInlineAction.php(49): SiteController->actionPendaftaran()
#6 C:\xampp\htdocs\yiiSource\framework\web\CController.php(308): CInlineAction->runWithParams()
#7 C:\xampp\htdocs\yiiSource\framework\web\CController.php(286): SiteController->runAction()
#8 C:\xampp\htdocs\yiiSource\framework\web\CController.php(265): SiteController->runActionWithFilters()
#9 C:\xampp\htdocs\yiiSource\framework\web\CWebApplication.php(282): SiteController->run()
#10 C:\xampp\htdocs\yiiSource\framework\web\CWebApplication.php(141): CWebApplication->runController()
#11 C:\xampp\htdocs\yiiSource\framework\base\CApplication.php(185): CWebApplication->processRequest()
#12 C:\xampp\htdocs\yii\index.php(13): CWebApplication->run()
REQUEST_URI=/yii/index.php?r=site/pendaftaran
in C:\xampp\htdocs\yii\protected\views\site\pendaftaran.php (38)
in C:\xampp\htdocs\yii\protected\controllers\SiteController.php (39)
in C:\xampp\htdocs\yii\index.php (13)
2022/10/28 07:48:57 [error] [php] Undefined variable: model (C:\xampp\htdocs\yii\protected\views\site\pendaftaran.php:38)
Stack trace:
#0 C:\xampp\htdocs\yiiSource\framework\web\CBaseController.php(126): require()
#1 C:\xampp\htdocs\yiiSource\framework\web\CBaseController.php(95): SiteController->renderInternal()
#2 C:\xampp\htdocs\yiiSource\framework\web\CController.php(872): SiteController->renderFile()
#3 C:\xampp\htdocs\yiiSource\framework\web\CController.php(785): SiteController->renderPartial()
#4 C:\xampp\htdocs\yii\protected\controllers\SiteController.php(39): SiteController->render()
#5 C:\xampp\htdocs\yiiSource\framework\web\actions\CInlineAction.php(49): SiteController->actionPendaftaran()
#6 C:\xampp\htdocs\yiiSource\framework\web\CController.php(308): CInlineAction->runWithParams()
#7 C:\xampp\htdocs\yiiSource\framework\web\CController.php(286): SiteController->runAction()
#8 C:\xampp\htdocs\yiiSource\framework\web\CController.php(265): SiteController->runActionWithFilters()
#9 C:\xampp\htdocs\yiiSource\framework\web\CWebApplication.php(282): SiteController->run()
#10 C:\xampp\htdocs\yiiSource\framework\web\CWebApplication.php(141): CWebApplication->runController()
#11 C:\xampp\htdocs\yiiSource\framework\base\CApplication.php(185): CWebApplication->processRequest()
#12 C:\xampp\htdocs\yii\index.php(13): CWebApplication->run()
REQUEST_URI=/yii/index.php?r=site/pendaftaran
in C:\xampp\htdocs\yii\protected\views\site\pendaftaran.php (38)
in C:\xampp\htdocs\yii\protected\controllers\SiteController.php (39)
in C:\xampp\htdocs\yii\index.php (13)
2022/10/28 07:49:15 [error] [php] Undefined variable: model (C:\xampp\htdocs\yii\protected\views\site\pendaftaran.php:38)
Stack trace:
#0 C:\xampp\htdocs\yiiSource\framework\web\CBaseController.php(126): require()
#1 C:\xampp\htdocs\yiiSource\framework\web\CBaseController.php(95): SiteController->renderInternal()
#2 C:\xampp\htdocs\yiiSource\framework\web\CController.php(872): SiteController->renderFile()
#3 C:\xampp\htdocs\yiiSource\framework\web\CController.php(785): SiteController->renderPartial()
#4 C:\xampp\htdocs\yii\protected\controllers\SiteController.php(39): SiteController->render()
#5 C:\xampp\htdocs\yiiSource\framework\web\actions\CInlineAction.php(49): SiteController->actionPendaftaran()
#6 C:\xampp\htdocs\yiiSource\framework\web\CController.php(308): CInlineAction->runWithParams()
#7 C:\xampp\htdocs\yiiSource\framework\web\CController.php(286): SiteController->runAction()
#8 C:\xampp\htdocs\yiiSource\framework\web\CController.php(265): SiteController->runActionWithFilters()
#9 C:\xampp\htdocs\yiiSource\framework\web\CWebApplication.php(282): SiteController->run()
#10 C:\xampp\htdocs\yiiSource\framework\web\CWebApplication.php(141): CWebApplication->runController()
#11 C:\xampp\htdocs\yiiSource\framework\base\CApplication.php(185): CWebApplication->processRequest()
#12 C:\xampp\htdocs\yii\index.php(13): CWebApplication->run()
REQUEST_URI=/yii/index.php?r=site/pendaftaran
in C:\xampp\htdocs\yii\protected\views\site\pendaftaran.php (38)
in C:\xampp\htdocs\yii\protected\controllers\SiteController.php (39)
in C:\xampp\htdocs\yii\index.php (13)
2022/10/28 07:57:00 [error] [php] Undefined variable: id (C:\xampp\htdocs\yii\protected\views\site\pendaftaran.php:7)
Stack trace:
#0 C:\xampp\htdocs\yiiSource\framework\web\CBaseController.php(126): require()
#1 C:\xampp\htdocs\yiiSource\framework\web\CBaseController.php(95): SiteController->renderInternal()
#2 C:\xampp\htdocs\yiiSource\framework\web\CController.php(872): SiteController->renderFile()
#3 C:\xampp\htdocs\yiiSource\framework\web\CController.php(785): SiteController->renderPartial()
#4 C:\xampp\htdocs\yii\protected\controllers\SiteController.php(39): SiteController->render()
#5 C:\xampp\htdocs\yiiSource\framework\web\actions\CInlineAction.php(49): SiteController->actionPendaftaran()
#6 C:\xampp\htdocs\yiiSource\framework\web\CController.php(308): CInlineAction->runWithParams()
#7 C:\xampp\htdocs\yiiSource\framework\web\CController.php(286): SiteController->runAction()
#8 C:\xampp\htdocs\yiiSource\framework\web\CController.php(265): SiteController->runActionWithFilters()
#9 C:\xampp\htdocs\yiiSource\framework\web\CWebApplication.php(282): SiteController->run()
#10 C:\xampp\htdocs\yiiSource\framework\web\CWebApplication.php(141): CWebApplication->runController()
#11 C:\xampp\htdocs\yiiSource\framework\base\CApplication.php(185): CWebApplication->processRequest()
#12 C:\xampp\htdocs\yii\index.php(13): CWebApplication->run()
REQUEST_URI=/yii/index.php?r=site/pendaftaran
in C:\xampp\htdocs\yii\protected\views\site\pendaftaran.php (7)
in C:\xampp\htdocs\yii\protected\controllers\SiteController.php (39)
in C:\xampp\htdocs\yii\index.php (13)
2022/10/28 07:59:03 [error] [php] Undefined variable: id (C:\xampp\htdocs\yii\protected\views\site\pendaftaran.php:7)
Stack trace:
#0 C:\xampp\htdocs\yiiSource\framework\web\CBaseController.php(126): require()
#1 C:\xampp\htdocs\yiiSource\framework\web\CBaseController.php(95): SiteController->renderInternal()
#2 C:\xampp\htdocs\yiiSource\framework\web\CController.php(872): SiteController->renderFile()
#3 C:\xampp\htdocs\yiiSource\framework\web\CController.php(785): SiteController->renderPartial()
#4 C:\xampp\htdocs\yii\protected\controllers\SiteController.php(39): SiteController->render()
#5 C:\xampp\htdocs\yiiSource\framework\web\actions\CInlineAction.php(49): SiteController->actionPendaftaran()
#6 C:\xampp\htdocs\yiiSource\framework\web\CController.php(308): CInlineAction->runWithParams()
#7 C:\xampp\htdocs\yiiSource\framework\web\CController.php(286): SiteController->runAction()
#8 C:\xampp\htdocs\yiiSource\framework\web\CController.php(265): SiteController->runActionWithFilters()
#9 C:\xampp\htdocs\yiiSource\framework\web\CWebApplication.php(282): SiteController->run()
#10 C:\xampp\htdocs\yiiSource\framework\web\CWebApplication.php(141): CWebApplication->runController()
#11 C:\xampp\htdocs\yiiSource\framework\base\CApplication.php(185): CWebApplication->processRequest()
#12 C:\xampp\htdocs\yii\index.php(13): CWebApplication->run()
REQUEST_URI=/yii/index.php?r=site/pendaftaran
in C:\xampp\htdocs\yii\protected\views\site\pendaftaran.php (7)
in C:\xampp\htdocs\yii\protected\controllers\SiteController.php (39)
in C:\xampp\htdocs\yii\index.php (13)
2022/10/28 07:59:15 [error] [php] Undefined variable: model (C:\xampp\htdocs\yii\protected\views\site\pendaftaran.php:7)
Stack trace:
#0 C:\xampp\htdocs\yiiSource\framework\web\CBaseController.php(126): require()
#1 C:\xampp\htdocs\yiiSource\framework\web\CBaseController.php(95): SiteController->renderInternal()
#2 C:\xampp\htdocs\yiiSource\framework\web\CController.php(872): SiteController->renderFile()
#3 C:\xampp\htdocs\yiiSource\framework\web\CController.php(785): SiteController->renderPartial()
#4 C:\xampp\htdocs\yii\protected\controllers\SiteController.php(39): SiteController->render()
#5 C:\xampp\htdocs\yiiSource\framework\web\actions\CInlineAction.php(49): SiteController->actionPendaftaran()
#6 C:\xampp\htdocs\yiiSource\framework\web\CController.php(308): CInlineAction->runWithParams()
#7 C:\xampp\htdocs\yiiSource\framework\web\CController.php(286): SiteController->runAction()
#8 C:\xampp\htdocs\yiiSource\framework\web\CController.php(265): SiteController->runActionWithFilters()
#9 C:\xampp\htdocs\yiiSource\framework\web\CWebApplication.php(282): SiteController->run()
#10 C:\xampp\htdocs\yiiSource\framework\web\CWebApplication.php(141): CWebApplication->runController()
#11 C:\xampp\htdocs\yiiSource\framework\base\CApplication.php(185): CWebApplication->processRequest()
#12 C:\xampp\htdocs\yii\index.php(13): CWebApplication->run()
REQUEST_URI=/yii/index.php?r=site/pendaftaran
in C:\xampp\htdocs\yii\protected\views\site\pendaftaran.php (7)
in C:\xampp\htdocs\yii\protected\controllers\SiteController.php (39)
in C:\xampp\htdocs\yii\index.php (13)
2022/10/28 08:00:32 [error] [php] Undefined variable: model (C:\xampp\htdocs\yii\protected\views\site\pendaftaran.php:6)
Stack trace:
#0 C:\xampp\htdocs\yiiSource\framework\web\CBaseController.php(126): require()
#1 C:\xampp\htdocs\yiiSource\framework\web\CBaseController.php(95): SiteController->renderInternal()
#2 C:\xampp\htdocs\yiiSource\framework\web\CController.php(872): SiteController->renderFile()
#3 C:\xampp\htdocs\yiiSource\framework\web\CController.php(785): SiteController->renderPartial()
#4 C:\xampp\htdocs\yii\protected\controllers\SiteController.php(39): SiteController->render()
#5 C:\xampp\htdocs\yiiSource\framework\web\actions\CInlineAction.php(49): SiteController->actionPendaftaran()
#6 C:\xampp\htdocs\yiiSource\framework\web\CController.php(308): CInlineAction->runWithParams()
#7 C:\xampp\htdocs\yiiSource\framework\web\CController.php(286): SiteController->runAction()
#8 C:\xampp\htdocs\yiiSource\framework\web\CController.php(265): SiteController->runActionWithFilters()
#9 C:\xampp\htdocs\yiiSource\framework\web\CWebApplication.php(282): SiteController->run()
#10 C:\xampp\htdocs\yiiSource\framework\web\CWebApplication.php(141): CWebApplication->runController()
#11 C:\xampp\htdocs\yiiSource\framework\base\CApplication.php(185): CWebApplication->processRequest()
#12 C:\xampp\htdocs\yii\index.php(13): CWebApplication->run()
REQUEST_URI=/yii/index.php?r=site/pendaftaran
in C:\xampp\htdocs\yii\protected\views\site\pendaftaran.php (6)
in C:\xampp\htdocs\yii\protected\controllers\SiteController.php (39)
in C:\xampp\htdocs\yii\index.php (13)
2022/10/28 08:02:50 [error] [php] Undefined variable: model (C:\xampp\htdocs\yii\protected\views\site\pendaftaran.php:4)
Stack trace:
#0 C:\xampp\htdocs\yiiSource\framework\web\CBaseController.php(126): require()
#1 C:\xampp\htdocs\yiiSource\framework\web\CBaseController.php(95): SiteController->renderInternal()
#2 C:\xampp\htdocs\yiiSource\framework\web\CController.php(872): SiteController->renderFile()
#3 C:\xampp\htdocs\yiiSource\framework\web\CController.php(785): SiteController->renderPartial()
#4 C:\xampp\htdocs\yii\protected\controllers\SiteController.php(39): SiteController->render()
#5 C:\xampp\htdocs\yiiSource\framework\web\actions\CInlineAction.php(49): SiteController->actionPendaftaran()
#6 C:\xampp\htdocs\yiiSource\framework\web\CController.php(308): CInlineAction->runWithParams()
#7 C:\xampp\htdocs\yiiSource\framework\web\CController.php(286): SiteController->runAction()
#8 C:\xampp\htdocs\yiiSource\framework\web\CController.php(265): SiteController->runActionWithFilters()
#9 C:\xampp\htdocs\yiiSource\framework\web\CWebApplication.php(282): SiteController->run()
#10 C:\xampp\htdocs\yiiSource\framework\web\CWebApplication.php(141): CWebApplication->runController()
#11 C:\xampp\htdocs\yiiSource\framework\base\CApplication.php(185): CWebApplication->processRequest()
#12 C:\xampp\htdocs\yii\index.php(13): CWebApplication->run()
REQUEST_URI=/yii/index.php?r=site/pendaftaran
in C:\xampp\htdocs\yii\protected\views\site\pendaftaran.php (4)
in C:\xampp\htdocs\yii\protected\controllers\SiteController.php (39)
in C:\xampp\htdocs\yii\index.php (13)
2022/10/28 08:03:55 [error] [php] Undefined variable: model (C:\xampp\htdocs\yii\protected\views\site\pendaftaran.php:4)
Stack trace:
#0 C:\xampp\htdocs\yiiSource\framework\web\CBaseController.php(126): require()
#1 C:\xampp\htdocs\yiiSource\framework\web\CBaseController.php(95): SiteController->renderInternal()
#2 C:\xampp\htdocs\yiiSource\framework\web\CController.php(872): SiteController->renderFile()
#3 C:\xampp\htdocs\yiiSource\framework\web\CController.php(785): SiteController->renderPartial()
#4 C:\xampp\htdocs\yii\protected\controllers\SiteController.php(39): SiteController->render()
#5 C:\xampp\htdocs\yiiSource\framework\web\actions\CInlineAction.php(49): SiteController->actionPendaftaran()
#6 C:\xampp\htdocs\yiiSource\framework\web\CController.php(308): CInlineAction->runWithParams()
#7 C:\xampp\htdocs\yiiSource\framework\web\CController.php(286): SiteController->runAction()
#8 C:\xampp\htdocs\yiiSource\framework\web\CController.php(265): SiteController->runActionWithFilters()
#9 C:\xampp\htdocs\yiiSource\framework\web\CWebApplication.php(282): SiteController->run()
#10 C:\xampp\htdocs\yiiSource\framework\web\CWebApplication.php(141): CWebApplication->runController()
#11 C:\xampp\htdocs\yiiSource\framework\base\CApplication.php(185): CWebApplication->processRequest()
#12 C:\xampp\htdocs\yii\index.php(13): CWebApplication->run()
REQUEST_URI=/yii/index.php?r=site/pendaftaran
in C:\xampp\htdocs\yii\protected\views\site\pendaftaran.php (4)
in C:\xampp\htdocs\yii\protected\controllers\SiteController.php (39)
in C:\xampp\htdocs\yii\index.php (13)
2022/10/28 08:24:47 [error] [php] Undefined variable: model (C:\xampp\htdocs\yii\protected\views\site\pendaftaran.php:4)
Stack trace:
#0 C:\xampp\htdocs\yiiSource\framework\web\CBaseController.php(126): require()
#1 C:\xampp\htdocs\yiiSource\framework\web\CBaseController.php(95): SiteController->renderInternal()
#2 C:\xampp\htdocs\yiiSource\framework\web\CController.php(872): SiteController->renderFile()
#3 C:\xampp\htdocs\yiiSource\framework\web\CController.php(785): SiteController->renderPartial()
#4 C:\xampp\htdocs\yii\protected\controllers\SiteController.php(39): SiteController->render()
#5 C:\xampp\htdocs\yiiSource\framework\web\actions\CInlineAction.php(49): SiteController->actionPendaftaran()
#6 C:\xampp\htdocs\yiiSource\framework\web\CController.php(308): CInlineAction->runWithParams()
#7 C:\xampp\htdocs\yiiSource\framework\web\CController.php(286): SiteController->runAction()
#8 C:\xampp\htdocs\yiiSource\framework\web\CController.php(265): SiteController->runActionWithFilters()
#9 C:\xampp\htdocs\yiiSource\framework\web\CWebApplication.php(282): SiteController->run()
#10 C:\xampp\htdocs\yiiSource\framework\web\CWebApplication.php(141): CWebApplication->runController()
#11 C:\xampp\htdocs\yiiSource\framework\base\CApplication.php(185): CWebApplication->processRequest()
#12 C:\xampp\htdocs\yii\index.php(13): CWebApplication->run()
REQUEST_URI=/yii/index.php?r=site/pendaftaran
in C:\xampp\htdocs\yii\protected\views\site\pendaftaran.php (4)
in C:\xampp\htdocs\yii\protected\controllers\SiteController.php (39)
in C:\xampp\htdocs\yii\index.php (13)
2022/10/28 08:25:53 [error] [php] Undefined variable: model (C:\xampp\htdocs\yii\protected\views\site\pendaftaran.php:7)
Stack trace:
#0 C:\xampp\htdocs\yiiSource\framework\web\CBaseController.php(126): require()
#1 C:\xampp\htdocs\yiiSource\framework\web\CBaseController.php(95): SiteController->renderInternal()
#2 C:\xampp\htdocs\yiiSource\framework\web\CController.php(872): SiteController->renderFile()
#3 C:\xampp\htdocs\yiiSource\framework\web\CController.php(785): SiteController->renderPartial()
#4 C:\xampp\htdocs\yii\protected\controllers\SiteController.php(39): SiteController->render()
#5 C:\xampp\htdocs\yiiSource\framework\web\actions\CInlineAction.php(49): SiteController->actionPendaftaran()
#6 C:\xampp\htdocs\yiiSource\framework\web\CController.php(308): CInlineAction->runWithParams()
#7 C:\xampp\htdocs\yiiSource\framework\web\CController.php(286): SiteController->runAction()
#8 C:\xampp\htdocs\yiiSource\framework\web\CController.php(265): SiteController->runActionWithFilters()
#9 C:\xampp\htdocs\yiiSource\framework\web\CWebApplication.php(282): SiteController->run()
#10 C:\xampp\htdocs\yiiSource\framework\web\CWebApplication.php(141): CWebApplication->runController()
#11 C:\xampp\htdocs\yiiSource\framework\base\CApplication.php(185): CWebApplication->processRequest()
#12 C:\xampp\htdocs\yii\index.php(13): CWebApplication->run()
REQUEST_URI=/yii/index.php?r=site/pendaftaran
in C:\xampp\htdocs\yii\protected\views\site\pendaftaran.php (7)
in C:\xampp\htdocs\yii\protected\controllers\SiteController.php (39)
in C:\xampp\htdocs\yii\index.php (13)
2022/10/28 08:26:18 [error] [php] Undefined variable: model (C:\xampp\htdocs\yii\protected\views\site\pendaftaran.php:6)
Stack trace:
#0 C:\xampp\htdocs\yiiSource\framework\web\CBaseController.php(126): require()
#1 C:\xampp\htdocs\yiiSource\framework\web\CBaseController.php(95): SiteController->renderInternal()
#2 C:\xampp\htdocs\yiiSource\framework\web\CController.php(872): SiteController->renderFile()
#3 C:\xampp\htdocs\yiiSource\framework\web\CController.php(785): SiteController->renderPartial()
#4 C:\xampp\htdocs\yii\protected\controllers\SiteController.php(39): SiteController->render()
#5 C:\xampp\htdocs\yiiSource\framework\web\actions\CInlineAction.php(49): SiteController->actionPendaftaran()
#6 C:\xampp\htdocs\yiiSource\framework\web\CController.php(308): CInlineAction->runWithParams()
#7 C:\xampp\htdocs\yiiSource\framework\web\CController.php(286): SiteController->runAction()
#8 C:\xampp\htdocs\yiiSource\framework\web\CController.php(265): SiteController->runActionWithFilters()
#9 C:\xampp\htdocs\yiiSource\framework\web\CWebApplication.php(282): SiteController->run()
#10 C:\xampp\htdocs\yiiSource\framework\web\CWebApplication.php(141): CWebApplication->runController()
#11 C:\xampp\htdocs\yiiSource\framework\base\CApplication.php(185): CWebApplication->processRequest()
#12 C:\xampp\htdocs\yii\index.php(13): CWebApplication->run()
REQUEST_URI=/yii/index.php?r=site/pendaftaran
in C:\xampp\htdocs\yii\protected\views\site\pendaftaran.php (6)
in C:\xampp\htdocs\yii\protected\controllers\SiteController.php (39)
in C:\xampp\htdocs\yii\index.php (13)
